  Card.cpp
  Generating Code...
  Compiling...
  Player.cpp
h:\vgp122-blackjack\vgp122-blackjack\player.cpp(12): warning C4018: '<=': signed/unsigned mismatch
  Match.cpp
h:\vgp122-blackjack\vgp122-blackjack\match.h(60): warning C4091: 'static ': ignored on left of 'const Match::GAMESTATUS' when no variable is declared
h:\vgp122-blackjack\vgp122-blackjack\match.cpp(109): warning C4018: '<': signed/unsigned mismatch
h:\vgp122-blackjack\vgp122-blackjack\match.cpp(431): warning C4244: 'argument': conversion from 'double' to 'int', possible loss of data
h:\vgp122-blackjack\vgp122-blackjack\match.cpp(441): warning C4244: 'argument': conversion from 'double' to 'int', possible loss of data
  Human.cpp
h:\vgp122-blackjack\vgp122-blackjack\human.cpp(12): warning C4018: '>=': signed/unsigned mismatch
  Game.cpp
h:\vgp122-blackjack\vgp122-blackjack\match.h(60): warning C4091: 'static ': ignored on left of 'const Match::GAMESTATUS' when no variable is declared
  Deck.cpp
  Dealer.cpp
h:\vgp122-blackjack\vgp122-blackjack\dealer.cpp(18): warning C4018: '<=': signed/unsigned mismatch
  Generating Code...
  VGP122-Blackjack.vcxproj -> H:\VGP122-Blackjack\Debug\VGP122-Blackjack.exe
  VGP122-Blackjack.vcxproj -> H:\VGP122-Blackjack\Debug\VGP122-Blackjack.pdb (Partial PDB)
