h:\vgp122-blackjack\vgp122-blackjack\debug\vc141.pdb
h:\vgp122-blackjack\vgp122-blackjack\debug\vc141.idb
h:\vgp122-blackjack\vgp122-blackjack\debug\game.obj
h:\vgp122-blackjack\vgp122-blackjack\debug\instructions.obj
h:\vgp122-blackjack\vgp122-blackjack\debug\card.obj
h:\vgp122-blackjack\vgp122-blackjack\debug\dealer.obj
h:\vgp122-blackjack\vgp122-blackjack\debug\match.obj
h:\vgp122-blackjack\vgp122-blackjack\debug\player.obj
h:\vgp122-blackjack\vgp122-blackjack\debug\gamecontroller.obj
h:\vgp122-blackjack\vgp122-blackjack\debug\deck.obj
h:\vgp122-blackjack\debug\vgp122-blackjack.ilk
h:\vgp122-blackjack\debug\vgp122-blackjack.exe
h:\vgp122-blackjack\debug\vgp122-blackjack.pdb
h:\vgp122-blackjack\vgp122-blackjack\debug\game (1).obj
h:\vgp122-blackjack\vgp122-blackjack\debug\vgp122-blackjack.tlog\cl.command.1.tlog
h:\vgp122-blackjack\vgp122-blackjack\debug\vgp122-blackjack.tlog\cl.read.1.tlog
h:\vgp122-blackjack\vgp122-blackjack\debug\vgp122-blackjack.tlog\cl.write.1.tlog
h:\vgp122-blackjack\vgp122-blackjack\debug\vgp122-blackjack.tlog\link.command.1.tlog
h:\vgp122-blackjack\vgp122-blackjack\debug\vgp122-blackjack.tlog\link.read.1.tlog
h:\vgp122-blackjack\vgp122-blackjack\debug\vgp122-blackjack.tlog\link.write.1.tlog
